setup> cirread -v /Users/tzuen/Desktop/gv/HWE/designs/mult_4.v

setup> cirprint -po
POs of the circuit: 97 98 99 100 101 102 103 104

setup> cirprint -net

[0] PI  1
[1] PI  5
[2] AIG 9 1 5
[3] PO  97 9 (p[0])
[4] PI  6
[5] AIG 10 1 6
[6] PI  2
[7] AIG 11 2 5
[8] AIG 12 10 11
[9] AIG 13 !10 !11
[10] AIG 14 !12 !13
[11] PO  98 14 (p[1])
[12] AIG 15 2 6
[13] PI  3
[14] AIG 16 3 5
[15] AIG 17 15 16
[16] AIG 18 !15 !16
[17] AIG 19 !17 !18
[18] PI  7
[19] AIG 20 1 7
[20] AIG 21 19 20
[21] AIG 22 !19 !20
[22] AIG 23 !21 !22
[23] AIG 24 12 23
[24] AIG 25 !12 !23
[25] AIG 26 !24 !25
[26] PO  99 26 (p[2])
[27] AIG 27 3 6
[28] PI  4
[29] AIG 28 4 5
[30] AIG 29 27 28
[31] AIG 30 !27 !28
[32] AIG 31 !29 !30
[33] AIG 32 2 7
[34] AIG 33 31 32
[35] AIG 34 !31 !32
[36] AIG 35 !33 !34
[37] AIG 36 !17 !21
[38] AIG 37 35 !36
[39] AIG 38 !35 36
[40] AIG 39 !37 !38
[41] PI  8
[42] AIG 40 1 8
[43] AIG 41 39 40
[44] AIG 42 !39 !40
[45] AIG 43 !41 !42
[46] AIG 44 24 43
[47] AIG 45 !24 !43
[48] AIG 46 !44 !45
[49] PO  100 46 (p[3])
[50] AIG 47 4 6
[51] AIG 48 3 7
[52] AIG 49 47 48
[53] AIG 50 !47 !48
[54] AIG 51 !49 !50
[55] AIG 52 !29 !33
[56] AIG 53 51 !52
[57] AIG 54 !51 52
[58] AIG 55 !53 !54
[59] AIG 56 2 8
[60] AIG 57 55 56
[61] AIG 58 !55 !56
[62] AIG 59 !57 !58
[63] AIG 60 !37 !41
[64] AIG 61 59 !60
[65] AIG 62 !59 60
[66] AIG 63 !61 !62
[67] AIG 64 44 63
[68] AIG 65 !44 !63
[69] AIG 66 !64 !65
[70] PO  101 66 (p[4])
[71] AIG 67 4 7
[72] AIG 68 49 67
[73] AIG 69 !49 !67
[74] AIG 70 !68 !69
[75] AIG 71 3 8
[76] AIG 72 70 71
[77] AIG 73 !70 !71
[78] AIG 74 !72 !73
[79] AIG 75 !53 !57
[80] AIG 76 74 !75
[81] AIG 77 !74 75
[82] AIG 78 !76 !77
[83] AIG 79 !61 !64
[84] AIG 80 78 !79
[85] AIG 81 !78 79
[86] AIG 82 !80 !81
[87] PO  102 82 (p[5])
[88] AIG 83 4 8
[89] AIG 84 !68 !72
[90] AIG 85 83 !84
[91] AIG 86 !83 84
[92] AIG 87 !85 !86
[93] AIG 88 61 78
[94] AIG 89 !76 !88
[95] AIG 90 63 78
[96] AIG 91 44 90
[97] AIG 92 89 !91
[98] AIG 93 87 !92
[99] AIG 94 !87 92
[100] AIG 95 !93 !94
[101] PO  103 95 (p[6])
[102] AIG 96 !85 !93
[103] PO  104 !96 (p[7])

setup> q -f

