setup> cirread -v /Users/tzuen/Desktop/gv/HWE/designs/adder_4.v

setup> cirprint -po
POs of the circuit: 37 38 39 40 41

setup> cirprint -net

[0] PI  1
[1] PI  5
[2] AIG 9 1 5
[3] AIG 10 !1 !5
[4] AIG 11 !9 !10
[5] PO  37 11 (sum[0])
[6] PI  2
[7] PI  6
[8] AIG 12 2 6
[9] AIG 13 !2 !6
[10] AIG 14 !12 !13
[11] AIG 15 9 14
[12] AIG 16 !9 !14
[13] AIG 17 !15 !16
[14] PO  38 17 (sum[1])
[15] PI  3
[16] PI  7
[17] AIG 18 3 7
[18] AIG 19 !3 !7
[19] AIG 20 !18 !19
[20] AIG 21 !12 !15
[21] AIG 22 20 !21
[22] AIG 23 !20 21
[23] AIG 24 !22 !23
[24] PO  39 24 (sum[2])
[25] PI  4
[26] PI  8
[27] AIG 25 4 8
[28] AIG 26 !4 !8
[29] AIG 27 !25 !26
[30] AIG 28 !18 !22
[31] AIG 29 27 !28
[32] AIG 30 !27 28
[33] AIG 31 !29 !30
[34] PO  40 31 (sum[3])
[35] AIG 32 18 27
[36] AIG 33 !25 !32
[37] AIG 34 20 27
[38] AIG 35 !21 34
[39] AIG 36 33 !35
[40] PO  41 !36 (cout[0])

setup> q -f

