setup> cirread -v /Users/tzuen/Desktop/gv/HWE/designs/mult_8.v

setup> cirprint -po
POs of the circuit: 480 481 482 483 484 485 486 487 488 489 490 491 492 493 494 495

setup> cirprint -net

[0] PI  1
[1] PI  9
[2] AIG 17 1 9
[3] PO  480 17 (p[0])
[4] PI  10
[5] AIG 18 1 10
[6] PI  2
[7] AIG 19 2 9
[8] AIG 20 18 19
[9] AIG 21 !18 !19
[10] AIG 22 !20 !21
[11] PO  481 22 (p[1])
[12] AIG 23 2 10
[13] PI  3
[14] AIG 24 3 9
[15] AIG 25 23 24
[16] AIG 26 !23 !24
[17] AIG 27 !25 !26
[18] PI  11
[19] AIG 28 1 11
[20] AIG 29 27 28
[21] AIG 30 !27 !28
[22] AIG 31 !29 !30
[23] AIG 32 20 31
[24] AIG 33 !20 !31
[25] AIG 34 !32 !33
[26] PO  482 34 (p[2])
[27] AIG 35 3 10
[28] PI  4
[29] AIG 36 4 9
[30] AIG 37 35 36
[31] AIG 38 !35 !36
[32] AIG 39 !37 !38
[33] AIG 40 2 11
[34] AIG 41 39 40
[35] AIG 42 !39 !40
[36] AIG 43 !41 !42
[37] AIG 44 !25 !29
[38] AIG 45 43 !44
[39] AIG 46 !43 44
[40] AIG 47 !45 !46
[41] PI  12
[42] AIG 48 1 12
[43] AIG 49 47 48
[44] AIG 50 !47 !48
[45] AIG 51 !49 !50
[46] AIG 52 32 51
[47] AIG 53 !32 !51
[48] AIG 54 !52 !53
[49] PO  483 54 (p[3])
[50] AIG 55 4 10
[51] PI  5
[52] AIG 56 5 9
[53] AIG 57 55 56
[54] AIG 58 !55 !56
[55] AIG 59 !57 !58
[56] AIG 60 3 11
[57] AIG 61 59 60
[58] AIG 62 !59 !60
[59] AIG 63 !61 !62
[60] AIG 64 !37 !41
[61] AIG 65 63 !64
[62] AIG 66 !63 64
[63] AIG 67 !65 !66
[64] AIG 68 2 12
[65] PI  13
[66] AIG 69 1 13
[67] AIG 70 68 69
[68] AIG 71 !68 !69
[69] AIG 72 !70 !71
[70] AIG 73 67 72
[71] AIG 74 !67 !72
[72] AIG 75 !73 !74
[73] AIG 76 !45 !49
[74] AIG 77 75 !76
[75] AIG 78 !75 76
[76] AIG 79 !77 !78
[77] AIG 80 52 79
[78] AIG 81 !52 !79
[79] AIG 82 !80 !81
[80] PO  484 82 (p[4])
[81] AIG 83 5 10
[82] PI  6
[83] AIG 84 6 9
[84] AIG 85 83 84
[85] AIG 86 !83 !84
[86] AIG 87 !85 !86
[87] AIG 88 4 11
[88] AIG 89 87 88
[89] AIG 90 !87 !88
[90] AIG 91 !89 !90
[91] AIG 92 !57 !61
[92] AIG 93 91 !92
[93] AIG 94 !91 92
[94] AIG 95 !93 !94
[95] AIG 96 3 12
[96] AIG 97 2 13
[97] AIG 98 96 97
[98] AIG 99 !96 !97
[99] AIG 100 !98 !99
[100] PI  14
[101] AIG 101 1 14
[102] AIG 102 100 101
[103] AIG 103 !100 !101
[104] AIG 104 !102 !103
[105] AIG 105 95 104
[106] AIG 106 !95 !104
[107] AIG 107 !105 !106
[108] AIG 108 !65 !73
[109] AIG 109 107 !108
[110] AIG 110 !107 108
[111] AIG 111 !109 !110
[112] AIG 112 70 111
[113] AIG 113 !70 !111
[114] AIG 114 !112 !113
[115] AIG 115 77 114
[116] AIG 116 !77 !114
[117] AIG 117 !115 !116
[118] AIG 118 80 117
[119] AIG 119 !80 !117
[120] AIG 120 !118 !119
[121] PO  485 120 (p[5])
[122] AIG 121 6 10
[123] PI  7
[124] AIG 122 7 9
[125] AIG 123 121 122
[126] AIG 124 !121 !122
[127] AIG 125 !123 !124
[128] AIG 126 5 11
[129] AIG 127 125 126
[130] AIG 128 !125 !126
[131] AIG 129 !127 !128
[132] AIG 130 !85 !89
[133] AIG 131 129 !130
[134] AIG 132 !129 130
[135] AIG 133 !131 !132
[136] AIG 134 4 12
[137] AIG 135 3 13
[138] AIG 136 134 135
[139] AIG 137 !134 !135
[140] AIG 138 !136 !137
[141] AIG 139 2 14
[142] AIG 140 138 139
[143] AIG 141 !138 !139
[144] AIG 142 !140 !141
[145] AIG 143 133 142
[146] AIG 144 !133 !142
[147] AIG 145 !143 !144
[148] AIG 146 !93 !105
[149] AIG 147 145 !146
[150] AIG 148 !145 146
[151] AIG 149 !147 !148
[152] AIG 150 !98 !102
[153] PI  15
[154] AIG 151 1 15
[155] AIG 152 !150 151
[156] AIG 153 150 !151
[157] AIG 154 !152 !153
[158] AIG 155 149 154
[159] AIG 156 !149 !154
[160] AIG 157 !155 !156
[161] AIG 158 !109 !112
[162] AIG 159 157 !158
[163] AIG 160 !157 158
[164] AIG 161 !159 !160
[165] AIG 162 115 161
[166] AIG 163 !115 !161
[167] AIG 164 !162 !163
[168] AIG 165 118 164
[169] AIG 166 !118 !164
[170] AIG 167 !165 !166
[171] PO  486 167 (p[6])
[172] AIG 168 7 10
[173] PI  8
[174] AIG 169 8 9
[175] AIG 170 168 169
[176] AIG 171 !168 !169
[177] AIG 172 !170 !171
[178] AIG 173 6 11
[179] AIG 174 172 173
[180] AIG 175 !172 !173
[181] AIG 176 !174 !175
[182] AIG 177 !123 !127
[183] AIG 178 176 !177
[184] AIG 179 !176 177
[185] AIG 180 !178 !179
[186] AIG 181 5 12
[187] AIG 182 4 13
[188] AIG 183 181 182
[189] AIG 184 !181 !182
[190] AIG 185 !183 !184
[191] AIG 186 3 14
[192] AIG 187 185 186
[193] AIG 188 !185 !186
[194] AIG 189 !187 !188
[195] AIG 190 180 189
[196] AIG 191 !180 !189
[197] AIG 192 !190 !191
[198] AIG 193 !131 !143
[199] AIG 194 192 !193
[200] AIG 195 !192 193
[201] AIG 196 !194 !195
[202] AIG 197 !136 !140
[203] AIG 198 2 15
[204] AIG 199 !197 198
[205] AIG 200 197 !198
[206] AIG 201 !199 !200
[207] PI  16
[208] AIG 202 1 16
[209] AIG 203 201 202
[210] AIG 204 !201 !202
[211] AIG 205 !203 !204
[212] AIG 206 196 205
[213] AIG 207 !196 !205
[214] AIG 208 !206 !207
[215] AIG 209 !147 !155
[216] AIG 210 208 !209
[217] AIG 211 !208 209
[218] AIG 212 !210 !211
[219] AIG 213 152 212
[220] AIG 214 !152 !212
[221] AIG 215 !213 !214
[222] AIG 216 159 215
[223] AIG 217 !159 !215
[224] AIG 218 !216 !217
[225] AIG 219 !162 !165
[226] AIG 220 218 !219
[227] AIG 221 !218 219
[228] AIG 222 !220 !221
[229] PO  487 222 (p[7])
[230] AIG 223 8 10
[231] AIG 224 7 11
[232] AIG 225 223 224
[233] AIG 226 !223 !224
[234] AIG 227 !225 !226
[235] AIG 228 !170 !174
[236] AIG 229 227 !228
[237] AIG 230 !227 228
[238] AIG 231 !229 !230
[239] AIG 232 6 12
[240] AIG 233 5 13
[241] AIG 234 232 233
[242] AIG 235 !232 !233
[243] AIG 236 !234 !235
[244] AIG 237 4 14
[245] AIG 238 236 237
[246] AIG 239 !236 !237
[247] AIG 240 !238 !239
[248] AIG 241 231 240
[249] AIG 242 !231 !240
[250] AIG 243 !241 !242
[251] AIG 244 !178 !190
[252] AIG 245 243 !244
[253] AIG 246 !243 244
[254] AIG 247 !245 !246
[255] AIG 248 !183 !187
[256] AIG 249 3 15
[257] AIG 250 !248 249
[258] AIG 251 248 !249
[259] AIG 252 !250 !251
[260] AIG 253 2 16
[261] AIG 254 252 253
[262] AIG 255 !252 !253
[263] AIG 256 !254 !255
[264] AIG 257 247 256
[265] AIG 258 !247 !256
[266] AIG 259 !257 !258
[267] AIG 260 !194 !206
[268] AIG 261 259 !260
[269] AIG 262 !259 260
[270] AIG 263 !261 !262
[271] AIG 264 !199 !203
[272] AIG 265 263 !264
[273] AIG 266 !263 264
[274] AIG 267 !265 !266
[275] AIG 268 !210 !213
[276] AIG 269 267 !268
[277] AIG 270 !267 268
[278] AIG 271 !269 !270
[279] AIG 272 162 218
[280] AIG 273 !216 !272
[281] AIG 274 164 218
[282] AIG 275 118 274
[283] AIG 276 273 !275
[284] AIG 277 271 !276
[285] AIG 278 !271 276
[286] AIG 279 !277 !278
[287] PO  488 279 (p[8])
[288] AIG 280 8 11
[289] AIG 281 225 280
[290] AIG 282 !225 !280
[291] AIG 283 !281 !282
[292] AIG 284 7 12
[293] AIG 285 6 13
[294] AIG 286 284 285
[295] AIG 287 !284 !285
[296] AIG 288 !286 !287
[297] AIG 289 5 14
[298] AIG 290 288 289
[299] AIG 291 !288 !289
[300] AIG 292 !290 !291
[301] AIG 293 283 292
[302] AIG 294 !283 !292
[303] AIG 295 !293 !294
[304] AIG 296 !229 !241
[305] AIG 297 295 !296
[306] AIG 298 !295 296
[307] AIG 299 !297 !298
[308] AIG 300 !234 !238
[309] AIG 301 4 15
[310] AIG 302 !300 301
[311] AIG 303 300 !301
[312] AIG 304 !302 !303
[313] AIG 305 3 16
[314] AIG 306 304 305
[315] AIG 307 !304 !305
[316] AIG 308 !306 !307
[317] AIG 309 299 308
[318] AIG 310 !299 !308
[319] AIG 311 !309 !310
[320] AIG 312 !245 !257
[321] AIG 313 311 !312
[322] AIG 314 !311 312
[323] AIG 315 !313 !314
[324] AIG 316 !250 !254
[325] AIG 317 315 !316
[326] AIG 318 !315 316
[327] AIG 319 !317 !318
[328] AIG 320 !261 !265
[329] AIG 321 319 !320
[330] AIG 322 !319 320
[331] AIG 323 !321 !322
[332] AIG 324 !269 !277
[333] AIG 325 323 !324
[334] AIG 326 !323 324
[335] AIG 327 !325 !326
[336] PO  489 327 (p[9])
[337] AIG 328 8 12
[338] AIG 329 7 13
[339] AIG 330 328 329
[340] AIG 331 !328 !329
[341] AIG 332 !330 !331
[342] AIG 333 6 14
[343] AIG 334 332 333
[344] AIG 335 !332 !333
[345] AIG 336 !334 !335
[346] AIG 337 !281 !293
[347] AIG 338 336 !337
[348] AIG 339 !336 337
[349] AIG 340 !338 !339
[350] AIG 341 !286 !290
[351] AIG 342 5 15
[352] AIG 343 !341 342
[353] AIG 344 341 !342
[354] AIG 345 !343 !344
[355] AIG 346 4 16
[356] AIG 347 345 346
[357] AIG 348 !345 !346
[358] AIG 349 !347 !348
[359] AIG 350 340 349
[360] AIG 351 !340 !349
[361] AIG 352 !350 !351
[362] AIG 353 !297 !309
[363] AIG 354 352 !353
[364] AIG 355 !352 353
[365] AIG 356 !354 !355
[366] AIG 357 !302 !306
[367] AIG 358 356 !357
[368] AIG 359 !356 357
[369] AIG 360 !358 !359
[370] AIG 361 !313 !317
[371] AIG 362 360 !361
[372] AIG 363 !360 361
[373] AIG 364 !362 !363
[374] AIG 365 269 323
[375] AIG 366 !321 !365
[376] AIG 367 271 323
[377] AIG 368 !276 367
[378] AIG 369 366 !368
[379] AIG 370 364 !369
[380] AIG 371 !364 369
[381] AIG 372 !370 !371
[382] PO  490 372 (p[10])
[383] AIG 373 8 13
[384] AIG 374 7 14
[385] AIG 375 373 374
[386] AIG 376 !373 !374
[387] AIG 377 !375 !376
[388] AIG 378 !330 !334
[389] AIG 379 6 15
[390] AIG 380 !378 379
[391] AIG 381 378 !379
[392] AIG 382 !380 !381
[393] AIG 383 5 16
[394] AIG 384 382 383
[395] AIG 385 !382 !383
[396] AIG 386 !384 !385
[397] AIG 387 377 386
[398] AIG 388 !377 !386
[399] AIG 389 !387 !388
[400] AIG 390 !338 !350
[401] AIG 391 389 !390
[402] AIG 392 !389 390
[403] AIG 393 !391 !392
[404] AIG 394 !343 !347
[405] AIG 395 393 !394
[406] AIG 396 !393 394
[407] AIG 397 !395 !396
[408] AIG 398 !354 !358
[409] AIG 399 397 !398
[410] AIG 400 !397 398
[411] AIG 401 !399 !400
[412] AIG 402 !362 !370
[413] AIG 403 401 !402
[414] AIG 404 !401 402
[415] AIG 405 !403 !404
[416] PO  491 405 (p[11])
[417] AIG 406 8 14
[418] AIG 407 7 15
[419] AIG 408 375 407
[420] AIG 409 !375 !407
[421] AIG 410 !408 !409
[422] AIG 411 6 16
[423] AIG 412 410 411
[424] AIG 413 !410 !411
[425] AIG 414 !412 !413
[426] AIG 415 406 414
[427] AIG 416 !406 !414
[428] AIG 417 !415 !416
[429] AIG 418 387 417
[430] AIG 419 !387 !417
[431] AIG 420 !418 !419
[432] AIG 421 !380 !384
[433] AIG 422 420 !421
[434] AIG 423 !420 421
[435] AIG 424 !422 !423
[436] AIG 425 !391 !395
[437] AIG 426 424 !425
[438] AIG 427 !424 425
[439] AIG 428 !426 !427
[440] AIG 429 362 401
[441] AIG 430 !399 !429
[442] AIG 431 364 401
[443] AIG 432 !366 431
[444] AIG 433 430 !432
[445] AIG 434 367 431
[446] AIG 435 !276 434
[447] AIG 436 433 !435
[448] AIG 437 428 !436
[449] AIG 438 !428 436
[450] AIG 439 !437 !438
[451] PO  492 439 (p[12])
[452] AIG 440 8 15
[453] AIG 441 7 16
[454] AIG 442 440 441
[455] AIG 443 !440 !441
[456] AIG 444 !442 !443
[457] AIG 445 415 444
[458] AIG 446 !415 !444
[459] AIG 447 !445 !446
[460] AIG 448 !408 !412
[461] AIG 449 447 !448
[462] AIG 450 !447 448
[463] AIG 451 !449 !450
[464] AIG 452 !418 !422
[465] AIG 453 451 !452
[466] AIG 454 !451 452
[467] AIG 455 !453 !454
[468] AIG 456 !426 !437
[469] AIG 457 455 !456
[470] AIG 458 !455 456
[471] AIG 459 !457 !458
[472] PO  493 459 (p[13])
[473] AIG 460 8 16
[474] AIG 461 442 460
[475] AIG 462 !442 !460
[476] AIG 463 !461 !462
[477] AIG 464 !445 !449
[478] AIG 465 463 !464
[479] AIG 466 !463 464
[480] AIG 467 !465 !466
[481] AIG 468 426 455
[482] AIG 469 !453 !468
[483] AIG 470 428 455
[484] AIG 471 !436 470
[485] AIG 472 469 !471
[486] AIG 473 467 !472
[487] AIG 474 !467 472
[488] AIG 475 !473 !474
[489] PO  494 475 (p[14])
[490] AIG 476 !465 !473
[491] AIG 477 461 !476
[492] AIG 478 !461 476
[493] AIG 479 !477 !478
[494] PO  495 479 (p[15])

setup> q -f

