setup> cirread -v /Users/tzuen/Desktop/gv/HWE/designs/adder_8.v

setup> cirprint -po
POs of the circuit: 84 85 86 87 88 89 90 91 92

setup> cirprint -net

[0] PI  1
[1] PI  9
[2] AIG 17 1 9
[3] AIG 18 !1 !9
[4] AIG 19 !17 !18
[5] PO  84 19 (sum[0])
[6] PI  2
[7] PI  10
[8] AIG 20 2 10
[9] AIG 21 !2 !10
[10] AIG 22 !20 !21
[11] AIG 23 17 22
[12] AIG 24 !17 !22
[13] AIG 25 !23 !24
[14] PO  85 25 (sum[1])
[15] PI  3
[16] PI  11
[17] AIG 26 3 11
[18] AIG 27 !3 !11
[19] AIG 28 !26 !27
[20] AIG 29 !20 !23
[21] AIG 30 28 !29
[22] AIG 31 !28 29
[23] AIG 32 !30 !31
[24] PO  86 32 (sum[2])
[25] PI  4
[26] PI  12
[27] AIG 33 4 12
[28] AIG 34 !4 !12
[29] AIG 35 !33 !34
[30] AIG 36 !26 !30
[31] AIG 37 35 !36
[32] AIG 38 !35 36
[33] AIG 39 !37 !38
[34] PO  87 39 (sum[3])
[35] PI  5
[36] PI  13
[37] AIG 40 5 13
[38] AIG 41 !5 !13
[39] AIG 42 !40 !41
[40] AIG 43 26 35
[41] AIG 44 !33 !43
[42] AIG 45 28 35
[43] AIG 46 !29 45
[44] AIG 47 44 !46
[45] AIG 48 42 !47
[46] AIG 49 !42 47
[47] AIG 50 !48 !49
[48] PO  88 50 (sum[4])
[49] PI  6
[50] PI  14
[51] AIG 51 6 14
[52] AIG 52 !6 !14
[53] AIG 53 !51 !52
[54] AIG 54 !40 !48
[55] AIG 55 53 !54
[56] AIG 56 !53 54
[57] AIG 57 !55 !56
[58] PO  89 57 (sum[5])
[59] PI  7
[60] PI  15
[61] AIG 58 7 15
[62] AIG 59 !7 !15
[63] AIG 60 !58 !59
[64] AIG 61 40 53
[65] AIG 62 !51 !61
[66] AIG 63 42 53
[67] AIG 64 !47 63
[68] AIG 65 62 !64
[69] AIG 66 60 !65
[70] AIG 67 !60 65
[71] AIG 68 !66 !67
[72] PO  90 68 (sum[6])
[73] PI  8
[74] PI  16
[75] AIG 69 8 16
[76] AIG 70 !8 !16
[77] AIG 71 !69 !70
[78] AIG 72 !58 !66
[79] AIG 73 71 !72
[80] AIG 74 !71 72
[81] AIG 75 !73 !74
[82] PO  91 75 (sum[7])
[83] AIG 76 58 71
[84] AIG 77 !69 !76
[85] AIG 78 60 71
[86] AIG 79 !62 78
[87] AIG 80 77 !79
[88] AIG 81 63 78
[89] AIG 82 !47 81
[90] AIG 83 80 !82
[91] PO  92 !83 (cout[0])

setup> q -f

